<?xml version="1.0" encoding="UTF-8"?>
<testsuite xmlns:xsi="http://www.w3.org/2001/XMLSchema-instance" xsi:noNamespaceSchemaLocation="https://maven.apache.org/surefire/maven-surefire-plugin/xsd/surefire-test-report.xsd" name="TestConstructor" time="18.675" tests="6" errors="3" skipped="0" failures="0">
  <properties>
[...]
</properties>
  <testcase name="goToFillingsSection[0]" classname="TestConstructor" time="0.961">
    <error message="Could not start a new session. Response code 500. Message: session not created: This version of ChromeDriver only supports Chrome version 118&#10;Current browser version is 120.0.6099.2570 with binary path C:\Users\otdel\AppData\Local\Yandex\YandexBrowser\Application\browser.exe &#10;Host info: host: &apos;LAPTOP-0FDUR9A6&apos;, ip: &apos;192.168.1.14&apos;&#10;Build info: version: &apos;4.8.1&apos;, revision: &apos;8ebccac989&apos;&#10;System info: os.name: &apos;Windows 10&apos;, os.arch: &apos;amd64&apos;, os.version: &apos;10.0&apos;, java.version: &apos;11.0.20&apos;&#10;Driver info: org.openqa.selenium.chrome.ChromeDriver&#10;Command: [null, newSession {capabilities=[Capabilities {browserName: chrome, goog:chromeOptions: {args: [--remote-allow-origins=*], extensions: []}}], desiredCapabilities=Capabilities {browserName: chrome, goog:chromeOptions: {args: [--remote-allow-origins=*], extensions: []}}}]" type="org.openqa.selenium.SessionNotCreatedException">org.openqa.selenium.SessionNotCreatedException: 
Could not start a new session. Response code 500. Message: session not created: This version of ChromeDriver only supports Chrome version 118
Current browser version is 120.0.6099.2570 with binary path C:\Users\otdel\AppData\Local\Yandex\YandexBrowser\Application\browser.exe 
Host info: host: 'LAPTOP-0FDUR9A6', ip: '192.168.1.14'
Build info: version: '4.8.1', revision: '8ebccac989'
System info: os.name: 'Windows 10', os.arch: 'amd64', os.version: '10.0', java.version: '11.0.20'
Driver info: org.openqa.selenium.chrome.ChromeDriver
Command: [null, newSession {capabilities=[Capabilities {browserName: chrome, goog:chromeOptions: {args: [--remote-allow-origins=*], extensions: []}}], desiredCapabilities=Capabilities {browserName: chrome, goog:chromeOptions: {args: [--remote-allow-origins=*], extensions: []}}}]
</error>
    <system-err><![CDATA[Starting ChromeDriver 118.0.5993.144 (7b803722ebb031ca7fe0ece55bf898a3e9e1a5f5) on port 9344
Only local connections are allowed.
Please see https://chromedriver.chromium.org/security-considerations for suggestions on keeping ChromeDriver safe.
ChromeDriver was started successfully.
]]></system-err>
  </testcase>
  <testcase name="goToBunsSection[0]" classname="TestConstructor" time="1.003">
    <error message="Could not start a new session. Response code 500. Message: session not created: This version of ChromeDriver only supports Chrome version 118&#10;Current browser version is 120.0.6099.2570 with binary path C:\Users\otdel\AppData\Local\Yandex\YandexBrowser\Application\browser.exe &#10;Host info: host: &apos;LAPTOP-0FDUR9A6&apos;, ip: &apos;192.168.1.14&apos;&#10;Build info: version: &apos;4.8.1&apos;, revision: &apos;8ebccac989&apos;&#10;System info: os.name: &apos;Windows 10&apos;, os.arch: &apos;amd64&apos;, os.version: &apos;10.0&apos;, java.version: &apos;11.0.20&apos;&#10;Driver info: org.openqa.selenium.chrome.ChromeDriver&#10;Command: [null, newSession {capabilities=[Capabilities {browserName: chrome, goog:chromeOptions: {args: [--remote-allow-origins=*], extensions: []}}], desiredCapabilities=Capabilities {browserName: chrome, goog:chromeOptions: {args: [--remote-allow-origins=*], extensions: []}}}]" type="org.openqa.selenium.SessionNotCreatedException">org.openqa.selenium.SessionNotCreatedException: 
Could not start a new session. Response code 500. Message: session not created: This version of ChromeDriver only supports Chrome version 118
Current browser version is 120.0.6099.2570 with binary path C:\Users\otdel\AppData\Local\Yandex\YandexBrowser\Application\browser.exe 
Host info: host: 'LAPTOP-0FDUR9A6', ip: '192.168.1.14'
Build info: version: '4.8.1', revision: '8ebccac989'
System info: os.name: 'Windows 10', os.arch: 'amd64', os.version: '10.0', java.version: '11.0.20'
Driver info: org.openqa.selenium.chrome.ChromeDriver
Command: [null, newSession {capabilities=[Capabilities {browserName: chrome, goog:chromeOptions: {args: [--remote-allow-origins=*], extensions: []}}], desiredCapabilities=Capabilities {browserName: chrome, goog:chromeOptions: {args: [--remote-allow-origins=*], extensions: []}}}]
</error>
    <system-err><![CDATA[Starting ChromeDriver 118.0.5993.144 (7b803722ebb031ca7fe0ece55bf898a3e9e1a5f5) on port 44927
Only local connections are allowed.
Please see https://chromedriver.chromium.org/security-considerations for suggestions on keeping ChromeDriver safe.
ChromeDriver was started successfully.
]]></system-err>
  </testcase>
  <testcase name="goToSaucesSection[0]" classname="TestConstructor" time="1.057">
    <error message="Could not start a new session. Response code 500. Message: session not created: This version of ChromeDriver only supports Chrome version 118&#10;Current browser version is 120.0.6099.2570 with binary path C:\Users\otdel\AppData\Local\Yandex\YandexBrowser\Application\browser.exe &#10;Host info: host: &apos;LAPTOP-0FDUR9A6&apos;, ip: &apos;192.168.1.14&apos;&#10;Build info: version: &apos;4.8.1&apos;, revision: &apos;8ebccac989&apos;&#10;System info: os.name: &apos;Windows 10&apos;, os.arch: &apos;amd64&apos;, os.version: &apos;10.0&apos;, java.version: &apos;11.0.20&apos;&#10;Driver info: org.openqa.selenium.chrome.ChromeDriver&#10;Command: [null, newSession {capabilities=[Capabilities {browserName: chrome, goog:chromeOptions: {args: [--remote-allow-origins=*], extensions: []}}], desiredCapabilities=Capabilities {browserName: chrome, goog:chromeOptions: {args: [--remote-allow-origins=*], extensions: []}}}]" type="org.openqa.selenium.SessionNotCreatedException">org.openqa.selenium.SessionNotCreatedException: 
Could not start a new session. Response code 500. Message: session not created: This version of ChromeDriver only supports Chrome version 118
Current browser version is 120.0.6099.2570 with binary path C:\Users\otdel\AppData\Local\Yandex\YandexBrowser\Application\browser.exe 
Host info: host: 'LAPTOP-0FDUR9A6', ip: '192.168.1.14'
Build info: version: '4.8.1', revision: '8ebccac989'
System info: os.name: 'Windows 10', os.arch: 'amd64', os.version: '10.0', java.version: '11.0.20'
Driver info: org.openqa.selenium.chrome.ChromeDriver
Command: [null, newSession {capabilities=[Capabilities {browserName: chrome, goog:chromeOptions: {args: [--remote-allow-origins=*], extensions: []}}], desiredCapabilities=Capabilities {browserName: chrome, goog:chromeOptions: {args: [--remote-allow-origins=*], extensions: []}}}]
</error>
    <system-err><![CDATA[Starting ChromeDriver 118.0.5993.144 (7b803722ebb031ca7fe0ece55bf898a3e9e1a5f5) on port 46883
Only local connections are allowed.
Please see https://chromedriver.chromium.org/security-considerations for suggestions on keeping ChromeDriver safe.
ChromeDriver was started successfully.
]]></system-err>
  </testcase>
  <testcase name="goToFillingsSection[1]" classname="TestConstructor" time="3.531"/>
  <testcase name="goToBunsSection[1]" classname="TestConstructor" time="4.561"/>
  <testcase name="goToSaucesSection[1]" classname="TestConstructor" time="7.553"/>
</testsuite>